<<<<<<< HEAD
[2017-11-13 09:18:05.024] [INFO] chatbot_express_server - LOGGER WORKING SUCCESSFULLY
[2017-11-13 09:18:23.382] [INFO] chatbot_express_server - Successfull Login
[2017-11-13 09:18:54.081] [INFO] chatbot_express_server - Mail sent to set password
[2017-11-13 09:19:31.705] [INFO] chatbot_express_server - Successfully Verified in /warning_page route
[2017-11-13 09:19:42.380] [INFO] chatbot_express_server - Password successfully updated.
[2017-11-13 09:19:49.982] [INFO] chatbot_express_server - Successfull Login
[2017-11-13 09:19:54.725] [INFO] chatbot_express_server - Successfull Login
[2017-11-13 09:19:59.171] [INFO] chatbot_express_server - Successfull Login
[2017-11-13 09:19:59.632] [INFO] chatbot_express_server - Successfull Login
[2017-11-13 09:20:00.040] [INFO] chatbot_express_server - Successfull Login
[2017-11-13 09:20:00.488] [INFO] chatbot_express_server - Successfull Login
[2017-11-13 09:20:00.951] [INFO] chatbot_express_server - Successfull Login
[2017-11-13 09:20:01.465] [INFO] chatbot_express_server - Successfull Login
[2017-11-13 09:20:02.955] [INFO] chatbot_express_server - Successfull Login
[2017-11-13 09:20:22.079] [INFO] chatbot_express_server - Successfull Login
[2017-11-13 09:20:22.599] [INFO] chatbot_express_server - Successfull Login
[2017-11-13 09:20:27.676] [INFO] chatbot_express_server - Successfull Login
[2017-11-13 09:22:39.465] [INFO] chatbot_express_server - LOGGER WORKING SUCCESSFULLY
[2017-11-13 09:24:10.450] [INFO] chatbot_express_server - Successfull Login
[2017-11-13 09:24:24.857] [INFO] chatbot_express_server - { message: 'Success in update User' }
[2017-11-13 09:24:31.596] [INFO] chatbot_express_server - Successfull Login
[2017-11-13 09:25:21.826] [INFO] chatbot_express_server - Success
[2017-11-13 09:25:27.733] [INFO] chatbot_express_server - Success
[2017-11-13 09:25:37.414] [INFO] chatbot_express_server - Success
[2017-11-13 09:25:37.449] [INFO] chatbot_express_server - Success
[2017-11-13 09:25:38.247] [INFO] chatbot_express_server - Successfully context fetched in trainIntent's getIntent
[2017-11-13 09:25:38.249] [INFO] chatbot_express_server - Successfully context fetched in trainIntent's getIntent
[2017-11-13 09:25:38.367] [INFO] chatbot_express_server - Successfully context fetched in trainIntent's getContext
[2017-11-13 09:25:38.368] [INFO] chatbot_express_server - Successfully context fetched in trainIntent's getContext
[2017-11-13 09:25:38.369] [INFO] chatbot_express_server - Successfully context fetched in trainIntent's getContext
[2017-11-13 09:25:38.370] [INFO] chatbot_express_server - Successfully context fetched in trainIntent's getContext
[2017-11-13 09:26:04.566] [INFO] chatbot_express_server - Success
[2017-11-13 09:26:04.606] [INFO] chatbot_express_server - Successfully context fetched in trainIntent's getIntent
[2017-11-13 09:26:04.633] [INFO] chatbot_express_server - Success
[2017-11-13 09:26:04.645] [INFO] chatbot_express_server - Successfully context fetched in trainIntent's getContext
[2017-11-13 09:26:43.283] [INFO] chatbot_express_server - LOGGER WORKING SUCCESSFULLY
[2017-11-13 09:28:06.178] [INFO] chatbot_express_server - Success
[2017-11-13 09:28:06.219] [INFO] chatbot_express_server - Success
[2017-11-13 09:28:06.228] [INFO] chatbot_express_server - Successfully context fetched in trainIntent's getIntent
[2017-11-13 09:28:06.317] [INFO] chatbot_express_server - Successfully context fetched in trainIntent's getContext
[2017-11-13 09:28:06.317] [INFO] chatbot_express_server - Successfully context fetched in trainIntent's getContext
[2017-11-13 09:28:06.319] [INFO] chatbot_express_server - Successfully context fetched in trainIntent's getContext
[2017-11-13 09:28:06.320] [INFO] chatbot_express_server - Successfully context fetched in trainIntent's getContext
[2017-11-13 09:28:16.612] [INFO] chatbot_express_server - Successfully context fetched in trainIntent's getContext
[2017-11-13 09:28:28.419] [INFO] chatbot_express_server - Synonym Found
[2017-11-13 09:28:28.914] [INFO] chatbot_express_server - Synonym Found
[2017-11-13 09:28:29.281] [INFO] chatbot_express_server - Synonym not Found
[2017-11-13 09:28:29.332] [INFO] chatbot_express_server - Synonym not Found
[2017-11-13 09:28:29.430] [INFO] chatbot_express_server - Synonym not Found
[2017-11-13 09:28:29.498] [INFO] chatbot_express_server - Synonym not Found
[2017-11-13 09:28:29.739] [INFO] chatbot_express_server - Synonym not Found
[2017-11-13 09:28:30.078] [INFO] chatbot_express_server - Synonym Found
[2017-11-13 09:28:30.118] [INFO] chatbot_express_server - Synonym not Found
[2017-11-13 09:28:30.229] [INFO] chatbot_express_server - Synonym not Found
[2017-11-13 09:28:30.344] [INFO] chatbot_express_server - Synonym not Found
[2017-11-13 09:28:30.371] [INFO] chatbot_express_server - Synonym not Found
[2017-11-13 09:28:30.643] [INFO] chatbot_express_server - Synonym not Found
[2017-11-13 09:28:30.860] [INFO] chatbot_express_server - Synonym Found
[2017-11-13 09:28:31.066] [INFO] chatbot_express_server - Synonym Found
[2017-11-13 09:28:31.439] [INFO] chatbot_express_server - Synonym Found
[2017-11-13 09:28:31.610] [INFO] chatbot_express_server - Synonym Found
[2017-11-13 09:28:31.766] [INFO] chatbot_express_server - Synonym Found
[2017-11-13 09:28:31.993] [INFO] chatbot_express_server - Synonym Found
[2017-11-13 09:28:35.730] [INFO] chatbot_express_server - Successfully Synonyms fetched in trainIntent's getRelatedEntity
[2017-11-13 09:28:39.733] [INFO] chatbot_express_server - Successfully Synonyms fetched in trainIntent's getRelatedEntity
[2017-11-13 09:28:52.141] [INFO] chatbot_express_server - Successfully Synonyms fetched in trainIntent's getRelatedEntity
[2017-11-13 09:29:24.716] [INFO] chatbot_express_server - { message: 'Success in update User' }
[2017-11-13 09:30:06.218] [INFO] chatbot_express_server - Successfully context fetched in trainIntent's getIntent
[2017-11-13 09:30:15.030] [INFO] chatbot_express_server - data found
[2017-11-13 09:30:17.528] [INFO] chatbot_express_server - Sorry i am not able to understand 
[2017-11-13 09:30:29.926] [INFO] chatbot_express_server - data found
[2017-11-13 09:30:30.903] [INFO] chatbot_express_server - Sorry i am not able to understand 
[2017-11-13 09:30:44.170] [INFO] chatbot_express_server - data found
[2017-11-13 09:30:44.977] [INFO] chatbot_express_server - Sorry i am not able to understand 
[2017-11-13 09:30:50.066] [INFO] chatbot_express_server - data found
[2017-11-13 09:30:50.967] [INFO] chatbot_express_server - Sorry i am not able to understand 
[2017-11-13 09:43:08.805] [INFO] chatbot_express_server - LOGGER WORKING SUCCESSFULLY
[2017-11-13 09:48:25.008] [INFO] chatbot_express_server - Successfull Login
[2017-11-13 09:49:12.066] [INFO] chatbot_express_server - Successfull Login
[2017-11-13 09:49:13.022] [INFO] chatbot_express_server - Successfull Login
[2017-11-13 09:49:13.256] [INFO] chatbot_express_server - Successfull Login
[2017-11-13 09:49:13.449] [INFO] chatbot_express_server - Successfull Login
[2017-11-13 09:49:13.618] [INFO] chatbot_express_server - Successfull Login
[2017-11-13 09:49:13.866] [INFO] chatbot_express_server - Successfull Login
[2017-11-13 09:49:56.747] [INFO] chatbot_express_server - You are already registered user.
[2017-11-13 09:50:24.562] [INFO] chatbot_express_server - Error in Sending Mail.
[2017-11-13 09:51:46.209] [INFO] chatbot_express_server - verified
[2017-11-13 09:52:03.982] [INFO] chatbot_express_server - Successfull Login
[2017-11-13 11:33:50.961] [INFO] chatbot_express_server - Successfull Login
[2017-11-13 13:02:35.060] [INFO] chatbot_express_server - Successfull Login
[2017-11-13 13:12:50.287] [INFO] chatbot_express_server - Successfull Login
[2017-11-13 13:22:04.871] [INFO] chatbot_express_server - Successfull Login
[2017-11-13 13:58:55.980] [INFO] chatbot_express_server - Successfull Login
[2017-11-13 14:24:12.270] [INFO] chatbot_express_server - Successfull Login
[2017-11-13 14:24:52.631] [INFO] chatbot_express_server - Successfull Login
[2017-11-13 14:29:04.409] [INFO] chatbot_express_server - data found
[2017-11-13 14:36:52.343] [INFO] chatbot_express_server - LOGGER WORKING SUCCESSFULLY
[2017-11-13 14:37:37.846] [INFO] chatbot_express_server - Error in Sending Mail.
[2017-11-13 14:38:15.822] [INFO] chatbot_express_server - verified
[2017-11-13 14:38:38.295] [INFO] chatbot_express_server - Successfull Login
[2017-11-13 14:39:12.060] [INFO] chatbot_express_server - Successfull Login
[2017-11-13 15:10:19.380] [INFO] chatbot_express_server - Successfull Login
=======
>>>>>>> d850965c01c373babb9f8be1f6a61886c3179fa8
[2017-11-13 16:10:14.413] [INFO] chatbot_express_server - LOGGER WORKING SUCCESSFULLY
[2017-11-13 16:11:07.188] [INFO] chatbot_express_server - Successfull Login
[2017-11-13 16:37:43.261] [INFO] chatbot_express_server - Not Found
[2017-11-13 16:37:43.266] [INFO] chatbot_express_server - Not Found
[2017-11-13 16:58:42.287] [INFO] chatbot_express_server - Not Found
[2017-11-13 16:58:42.291] [INFO] chatbot_express_server - Not Found
[2017-11-13 17:05:41.152] [INFO] chatbot_express_server - LOGGER WORKING SUCCESSFULLY
[2017-11-14 09:08:02.127] [INFO] chatbot_express_server - LOGGER WORKING SUCCESSFULLY
[2017-11-14 09:08:30.406] [INFO] chatbot_express_server - Success
[2017-11-14 09:10:46.126] [INFO] chatbot_express_server - Successfull Login
[2017-11-14 09:10:54.340] [INFO] chatbot_express_server - data found
[2017-11-14 09:11:10.913] [INFO] chatbot_express_server - data found
[2017-11-14 09:11:21.221] [INFO] chatbot_express_server - data found
[2017-11-14 09:11:26.416] [INFO] chatbot_express_server - data found
[2017-11-14 09:11:30.712] [INFO] chatbot_express_server - data found
[2017-11-14 09:11:35.096] [INFO] chatbot_express_server - data found
[2017-11-14 09:11:40.136] [INFO] chatbot_express_server - data found
[2017-11-14 09:11:47.200] [INFO] chatbot_express_server - data found
[2017-11-14 09:11:53.722] [INFO] chatbot_express_server - data found
[2017-11-14 09:12:31.115] [INFO] chatbot_express_server - Successfull Login
[2017-11-14 09:12:39.193] [INFO] chatbot_express_server - Success
[2017-11-14 09:12:39.219] [INFO] chatbot_express_server - Successfully context fetched in trainIntent's getIntent
[2017-11-14 09:12:39.228] [INFO] chatbot_express_server - Success
[2017-11-14 09:12:39.247] [INFO] chatbot_express_server - Successfully context fetched in trainIntent's getContext
[2017-11-14 09:12:39.268] [INFO] chatbot_express_server - Successfully context fetched in trainIntent's getIntent
[2017-11-14 09:12:39.285] [INFO] chatbot_express_server - Successfully context fetched in trainIntent's getContext
[2017-11-14 09:12:39.325] [INFO] chatbot_express_server - Successfully context fetched in trainIntent's getContext
[2017-11-14 09:12:54.234] [INFO] chatbot_express_server - Successfully Synonyms fetched in trainIntent's getRelatedEntity
[2017-11-14 09:13:21.346] [INFO] chatbot_express_server - Successfully added in trainIntent's train_intent
[2017-11-14 09:13:21.439] [INFO] chatbot_express_server - Successfully context fetched in trainIntent's getIntent
[2017-11-14 09:13:25.609] [INFO] chatbot_express_server - Synonym Found
[2017-11-14 09:13:25.846] [INFO] chatbot_express_server - Synonym Found
[2017-11-14 09:13:25.886] [INFO] chatbot_express_server - Synonym Found
[2017-11-14 09:13:30.071] [INFO] chatbot_express_server - Synonym not Found
[2017-11-14 09:13:30.080] [INFO] chatbot_express_server - Synonym not Found
[2017-11-14 09:13:30.100] [INFO] chatbot_express_server - Synonym not Found
[2017-11-14 09:13:30.130] [INFO] chatbot_express_server - Synonym not Found
[2017-11-14 09:13:30.491] [INFO] chatbot_express_server - Synonym not Found
[2017-11-14 09:13:31.124] [INFO] chatbot_express_server - Synonym not Found
[2017-11-14 09:13:31.163] [INFO] chatbot_express_server - Synonym not Found
[2017-11-14 09:13:31.195] [INFO] chatbot_express_server - Synonym not Found
[2017-11-14 09:13:31.652] [INFO] chatbot_express_server - Synonym not Found
[2017-11-14 09:13:32.755] [INFO] chatbot_express_server - Relationship Created in trainIntent's addSynonym
[2017-11-14 09:13:38.100] [INFO] chatbot_express_server - Successfully Synonyms fetched in trainIntent's getRelatedEntity
[2017-11-14 09:13:41.485] [INFO] chatbot_express_server - Successfully added Synonym in trainIntent's addMoreSynonym
[2017-11-14 09:13:42.764] [INFO] chatbot_express_server - Successfully Deleted in trainIntent's deleteSynonym
[2017-11-14 09:13:42.847] [INFO] chatbot_express_server - Successfully Synonyms fetched in trainIntent's getRelatedEntity
[2017-11-14 09:13:44.101] [INFO] chatbot_express_server - Successfully Deleted in trainIntent's deleteSynonym
[2017-11-14 09:13:44.136] [INFO] chatbot_express_server - Successfully Synonyms fetched in trainIntent's getRelatedEntity
[2017-11-14 09:13:45.689] [INFO] chatbot_express_server - Successfully Deleted in trainIntent's deleteintent
[2017-11-14 09:13:45.727] [INFO] chatbot_express_server - Successfully context fetched in trainIntent's getIntent
[2017-11-14 09:13:48.318] [INFO] chatbot_express_server - Successfully context fetched in trainIntent's getContext
[2017-11-14 09:13:51.332] [INFO] chatbot_express_server - Successfully context fetched in trainIntent's getContext
[2017-11-14 09:13:55.242] [INFO] chatbot_express_server - Success getContextInfo
[2017-11-14 09:13:55.245] [INFO] chatbot_express_server - Success getIntentContext
[2017-11-14 09:14:01.090] [INFO] chatbot_express_server - Success editAddSynonym
[2017-11-14 09:14:01.184] [INFO] chatbot_express_server - Success getContextInfo
[2017-11-14 09:14:03.892] [INFO] chatbot_express_server - Success editDeleteSynonym
[2017-11-14 09:14:03.982] [INFO] chatbot_express_server - Success getContextInfo
[2017-11-14 09:14:26.091] [INFO] chatbot_express_server - Success editAddSynonym
[2017-11-14 09:14:26.181] [INFO] chatbot_express_server - Success getContextInfo
[2017-11-14 09:14:33.410] [INFO] chatbot_express_server - Success editAddSynonym
[2017-11-14 09:14:33.456] [INFO] chatbot_express_server - Success getContextInfo
[2017-11-14 09:15:09.908] [INFO] chatbot_express_server - data found
[2017-11-14 09:15:10.829] [INFO] chatbot_express_server - Data found in unanswerques's adminques
[2017-11-14 09:15:33.945] [INFO] chatbot_express_server - data found
[2017-11-14 09:15:41.585] [INFO] chatbot_express_server - data found
[2017-11-14 09:15:51.641] [INFO] chatbot_express_server - Error in trainContext's deleteContext
[2017-11-14 09:15:51.722] [INFO] chatbot_express_server - Successfully context fetched in trainIntent's getContext
[2017-11-14 09:15:53.834] [INFO] chatbot_express_server - Successfully context fetched in trainIntent's getContext
[2017-11-14 09:15:54.431] [INFO] chatbot_express_server - Successfully context fetched in trainIntent's getContext
[2017-11-14 09:16:03.354] [INFO] chatbot_express_server - Successfully context fetched in trainIntent's getContext
[2017-11-14 09:16:06.728] [INFO] chatbot_express_server - Successfully context fetched in trainIntent's getContext
[2017-11-14 09:16:08.266] [INFO] chatbot_express_server - Error in trainContext's deleteContext
[2017-11-14 09:16:08.339] [INFO] chatbot_express_server - Successfully context fetched in trainIntent's getContext
[2017-11-14 09:16:10.471] [INFO] chatbot_express_server - Successfully context fetched in trainIntent's getContext
[2017-11-14 09:16:13.121] [INFO] chatbot_express_server - Successfully context fetched in trainIntent's getContext
[2017-11-14 09:16:14.709] [INFO] chatbot_express_server - Error in trainContext's deleteContext
[2017-11-14 09:16:14.789] [INFO] chatbot_express_server - Successfully context fetched in trainIntent's getContext
[2017-11-14 09:16:17.124] [INFO] chatbot_express_server - Successfully context fetched in trainIntent's getContext
[2017-11-14 09:16:19.115] [INFO] chatbot_express_server - Successfully context fetched in trainIntent's getContext
[2017-11-14 09:16:30.787] [INFO] chatbot_express_server - Error in trainContext's deleteContext
[2017-11-14 09:16:30.861] [INFO] chatbot_express_server - Successfully context fetched in trainIntent's getContext
[2017-11-14 09:16:31.727] [INFO] chatbot_express_server - Success editAddSynonym
[2017-11-14 09:16:31.778] [INFO] chatbot_express_server - Success getContextInfo
[2017-11-14 09:16:34.007] [INFO] chatbot_express_server - Successfully context fetched in trainIntent's getContext
[2017-11-14 09:16:40.693] [INFO] chatbot_express_server - Successfully context fetched in trainIntent's getIntent
[2017-11-14 09:16:40.705] [INFO] chatbot_express_server - Successfully context fetched in trainIntent's getContext
[2017-11-14 09:17:49.660] [INFO] chatbot_express_server - Error in trainContext's addcontextsyn
[2017-11-14 09:17:53.837] [INFO] chatbot_express_server - Successfully context fetched in trainIntent's getContext
[2017-11-14 09:17:53.851] [INFO] chatbot_express_server - Successfully context fetched in trainIntent's getIntent
[2017-11-14 09:17:57.353] [INFO] chatbot_express_server - Error in trainContext's addcontextsyn
[2017-11-14 09:19:00.457] [INFO] chatbot_express_server - data found
[2017-11-14 09:19:05.885] [INFO] chatbot_express_server - data found
[2017-11-14 09:19:10.689] [INFO] chatbot_express_server - data found
[2017-11-14 09:19:39.444] [INFO] chatbot_express_server - data found
[2017-11-14 09:19:49.591] [INFO] chatbot_express_server - Error in trainContext's addcontextsyn
[2017-11-14 09:19:55.103] [INFO] chatbot_express_server - Success
[2017-11-14 09:19:57.357] [INFO] chatbot_express_server - Error in trainContext's addcontextsyn
[2017-11-14 09:21:57.359] [INFO] chatbot_express_server - Error in trainContext's addcontextsyn
[2017-11-14 09:22:34.815] [INFO] chatbot_express_server - Not Found
[2017-11-14 09:22:54.618] [INFO] chatbot_express_server - Not Found
[2017-11-14 09:22:54.638] [INFO] chatbot_express_server - Not Found
[2017-11-14 09:22:54.645] [INFO] chatbot_express_server - Successfully context fetched in trainIntent's getIntent
[2017-11-14 09:22:54.653] [INFO] chatbot_express_server - Successfully context fetched in trainIntent's getContext
[2017-11-14 09:22:54.683] [INFO] chatbot_express_server - Successfully context fetched in trainIntent's getIntent
[2017-11-14 09:22:54.693] [INFO] chatbot_express_server - Successfully context fetched in trainIntent's getContext
[2017-11-14 09:22:54.735] [INFO] chatbot_express_server - Successfully context fetched in trainIntent's getContext
[2017-11-14 09:23:15.821] [INFO] chatbot_express_server - Data found in unanswerques's deletependingques
[2017-11-14 09:23:17.205] [INFO] chatbot_express_server - Data found in unanswerques's deletependingques
[2017-11-14 09:23:18.758] [INFO] chatbot_express_server - Data found in unanswerques's deletependingques
[2017-11-14 09:23:20.878] [INFO] chatbot_express_server - Data found in unanswerques's deletependingques
[2017-11-14 09:23:22.998] [INFO] chatbot_express_server - Successfully context fetched in trainIntent's getContext
[2017-11-14 09:23:26.810] [INFO] chatbot_express_server - Successfully context fetched in trainIntent's getContext
[2017-11-14 09:23:28.842] [INFO] chatbot_express_server - Error in trainContext's deleteContext
[2017-11-14 09:23:28.920] [INFO] chatbot_express_server - Successfully context fetched in trainIntent's getContext
[2017-11-14 09:23:32.092] [INFO] chatbot_express_server - Successfully context fetched in trainIntent's getContext
[2017-11-14 09:23:38.639] [INFO] chatbot_express_server - Data found in unanswerques's deletependingques
[2017-11-14 09:23:40.056] [INFO] chatbot_express_server - Data found in unanswerques's deletependingques
[2017-11-14 09:23:41.346] [INFO] chatbot_express_server - Data found in unanswerques's deletependingques
[2017-11-14 09:23:42.809] [INFO] chatbot_express_server - Data found in unanswerques's deletependingques
[2017-11-14 09:23:44.157] [INFO] chatbot_express_server - Data found in unanswerques's deletependingques
[2017-11-14 09:23:45.450] [INFO] chatbot_express_server - Data found in unanswerques's deletependingques
[2017-11-14 09:23:46.749] [INFO] chatbot_express_server - Data found in unanswerques's deletependingques
[2017-11-14 09:41:59.939] [INFO] chatbot_express_server - Successfully context fetched in trainIntent's getContext
[2017-11-14 09:42:02.111] [INFO] chatbot_express_server - Successfully context fetched in trainIntent's getContext
[2017-11-14 09:42:04.074] [INFO] chatbot_express_server - Success getIntentContext
[2017-11-14 09:42:04.090] [INFO] chatbot_express_server - Success getContextInfo
[2017-11-14 09:44:55.599] [INFO] chatbot_express_server - Successfully context fetched in trainIntent's getContext
[2017-11-14 09:44:55.603] [INFO] chatbot_express_server - Successfully context fetched in trainIntent's getIntent
[2017-11-14 09:44:55.609] [INFO] chatbot_express_server - Not Found
[2017-11-14 09:44:55.639] [INFO] chatbot_express_server - Not Found
[2017-11-14 09:44:55.643] [INFO] chatbot_express_server - Successfully context fetched in trainIntent's getIntent
[2017-11-14 09:44:55.648] [INFO] chatbot_express_server - Successfully context fetched in trainIntent's getContext
[2017-11-14 09:44:55.683] [INFO] chatbot_express_server - Successfully context fetched in trainIntent's getContext
[2017-11-14 10:15:44.614] [INFO] chatbot_express_server - Data Found
[2017-11-14 10:15:44.636] [INFO] chatbot_express_server - Success
[2017-11-14 10:15:56.418] [INFO] chatbot_express_server - Success
[2017-11-14 10:16:08.426] [INFO] chatbot_express_server - Successfully context fetched in trainIntent's getContext
[2017-11-14 10:16:11.626] [INFO] chatbot_express_server - Successfully context fetched in trainIntent's getContext
[2017-11-14 10:16:13.537] [INFO] chatbot_express_server - Success getContextInfo
[2017-11-14 10:16:13.543] [INFO] chatbot_express_server - Success getIntentContext
[2017-11-14 10:16:48.299] [INFO] chatbot_express_server - Success
[2017-11-14 10:16:48.315] [INFO] chatbot_express_server - Successfully context fetched in trainIntent's getIntent
[2017-11-14 10:16:48.318] [INFO] chatbot_express_server - Successfully context fetched in trainIntent's getContext
[2017-11-14 10:16:48.327] [INFO] chatbot_express_server - Success
[2017-11-14 10:16:48.349] [INFO] chatbot_express_server - Successfully context fetched in trainIntent's getContext
[2017-11-14 10:16:48.359] [INFO] chatbot_express_server - Successfully context fetched in trainIntent's getIntent
[2017-11-14 10:16:48.387] [INFO] chatbot_express_server - Successfully context fetched in trainIntent's getContext
[2017-11-14 10:16:49.743] [INFO] chatbot_express_server - Successfully context fetched in trainIntent's getContext
[2017-11-14 10:16:52.682] [INFO] chatbot_express_server - Successfully context fetched in trainIntent's getContext
[2017-11-14 10:16:54.074] [INFO] chatbot_express_server - Success getContextInfo
[2017-11-14 10:16:54.089] [INFO] chatbot_express_server - Success getIntentContext
[2017-11-14 10:18:16.273] [INFO] chatbot_express_server - data found
[2017-11-14 10:18:23.998] [INFO] chatbot_express_server - data found
[2017-11-14 10:18:29.612] [INFO] chatbot_express_server - data found
[2017-11-14 10:18:37.135] [INFO] chatbot_express_server - data found
[2017-11-14 10:20:32.127] [INFO] chatbot_express_server - LOGGER WORKING SUCCESSFULLY
[2017-11-14 10:21:07.033] [INFO] chatbot_express_server - data found
[2017-11-14 10:21:08.795] [INFO] chatbot_express_server - How can I help you with 
[2017-11-14 10:21:30.665] [INFO] chatbot_express_server - data found
[2017-11-14 10:21:39.451] [INFO] chatbot_express_server - data found
[2017-11-14 10:21:44.277] [INFO] chatbot_express_server - data found
[2017-11-14 10:21:48.742] [INFO] chatbot_express_server - data found
[2017-11-14 10:32:21.938] [INFO] chatbot_express_server - LOGGER WORKING SUCCESSFULLY
[2017-11-14 10:32:49.028] [INFO] chatbot_express_server - data found
[2017-11-14 10:32:56.362] [INFO] chatbot_express_server - data found
[2017-11-14 10:33:00.700] [INFO] chatbot_express_server - data found
[2017-11-14 10:33:05.072] [INFO] chatbot_express_server - data found
[2017-11-14 10:33:09.163] [INFO] chatbot_express_server - data found
[2017-11-14 10:33:13.544] [INFO] chatbot_express_server - data found
[2017-11-14 10:33:17.390] [INFO] chatbot_express_server - data found
[2017-11-14 10:35:31.422] [INFO] chatbot_express_server - LOGGER WORKING SUCCESSFULLY
[2017-11-14 10:35:55.357] [INFO] chatbot_express_server - data found
[2017-11-14 10:36:01.234] [INFO] chatbot_express_server - data found
[2017-11-14 10:36:06.198] [INFO] chatbot_express_server - data found
[2017-11-14 10:36:09.804] [INFO] chatbot_express_server - data found
[2017-11-14 10:36:12.975] [INFO] chatbot_express_server - data found
[2017-11-14 10:36:16.268] [INFO] chatbot_express_server - data found
[2017-11-14 10:36:19.828] [INFO] chatbot_express_server - data found
[2017-11-14 10:36:24.168] [INFO] chatbot_express_server - data found
[2017-11-14 10:36:32.146] [INFO] chatbot_express_server - data found
[2017-11-14 10:37:37.557] [INFO] chatbot_express_server - data found
[2017-11-14 10:39:02.391] [INFO] chatbot_express_server - Success
[2017-11-14 10:39:02.401] [INFO] chatbot_express_server - Successfully context fetched in trainIntent's getIntent
[2017-11-14 10:39:02.414] [INFO] chatbot_express_server - Success
[2017-11-14 10:39:02.433] [INFO] chatbot_express_server - Successfully context fetched in trainIntent's getContext
[2017-11-14 10:39:02.492] [INFO] chatbot_express_server - Successfully context fetched in trainIntent's getIntent
[2017-11-14 10:39:02.510] [INFO] chatbot_express_server - Successfully context fetched in trainIntent's getContext
[2017-11-14 10:39:02.557] [INFO] chatbot_express_server - Successfully context fetched in trainIntent's getContext
[2017-11-14 10:39:24.441] [INFO] chatbot_express_server - Success
[2017-11-14 10:39:24.462] [INFO] chatbot_express_server - Success
[2017-11-14 10:39:24.484] [INFO] chatbot_express_server - Successfully context fetched in trainIntent's getContext
[2017-11-14 10:39:24.486] [INFO] chatbot_express_server - Successfully context fetched in trainIntent's getIntent
[2017-11-14 10:39:24.531] [INFO] chatbot_express_server - Successfully context fetched in trainIntent's getContext
[2017-11-14 10:39:24.570] [INFO] chatbot_express_server - Successfully context fetched in trainIntent's getIntent
[2017-11-14 10:39:24.602] [INFO] chatbot_express_server - Successfully context fetched in trainIntent's getContext
[2017-11-14 10:39:48.191] [INFO] chatbot_express_server - Success
[2017-11-14 10:39:48.202] [INFO] chatbot_express_server - Successfully context fetched in trainIntent's getIntent
[2017-11-14 10:39:48.233] [INFO] chatbot_express_server - Success
[2017-11-14 10:39:48.238] [INFO] chatbot_express_server - Successfully context fetched in trainIntent's getContext
[2017-11-14 10:39:48.254] [INFO] chatbot_express_server - Successfully context fetched in trainIntent's getIntent
[2017-11-14 10:39:48.265] [INFO] chatbot_express_server - Successfully context fetched in trainIntent's getContext
[2017-11-14 10:39:48.293] [INFO] chatbot_express_server - Successfully context fetched in trainIntent's getContext
[2017-11-14 10:39:56.801] [INFO] chatbot_express_server - Success
[2017-11-14 10:39:56.815] [INFO] chatbot_express_server - Successfully context fetched in trainIntent's getIntent
[2017-11-14 10:39:56.841] [INFO] chatbot_express_server - Success
[2017-11-14 10:39:56.845] [INFO] chatbot_express_server - Successfully context fetched in trainIntent's getContext
[2017-11-14 10:39:56.877] [INFO] chatbot_express_server - Successfully context fetched in trainIntent's getIntent
[2017-11-14 10:39:56.910] [INFO] chatbot_express_server - Successfully context fetched in trainIntent's getContext
[2017-11-14 10:39:56.966] [INFO] chatbot_express_server - Successfully context fetched in trainIntent's getContext
[2017-11-14 11:09:08.843] [INFO] chatbot_express_server - Success
[2017-11-14 11:09:08.859] [INFO] chatbot_express_server - Success
[2017-11-14 11:09:08.866] [INFO] chatbot_express_server - Successfully context fetched in trainIntent's getIntent
[2017-11-14 11:09:08.874] [INFO] chatbot_express_server - Successfully context fetched in trainIntent's getContext
[2017-11-14 11:09:08.897] [INFO] chatbot_express_server - Successfully context fetched in trainIntent's getIntent
[2017-11-14 11:09:08.913] [INFO] chatbot_express_server - Successfully context fetched in trainIntent's getContext
[2017-11-14 11:09:08.940] [INFO] chatbot_express_server - Successfully context fetched in trainIntent's getContext
[2017-11-14 11:09:11.786] [INFO] chatbot_express_server - Data found in unanswerques's deletependingques
[2017-11-14 11:12:30.636] [INFO] chatbot_express_server - LOGGER WORKING SUCCESSFULLY
[2017-11-14 11:13:19.670] [INFO] chatbot_express_server - data found
[2017-11-14 11:13:28.742] [INFO] chatbot_express_server - data found
[2017-11-14 11:13:38.938] [INFO] chatbot_express_server - data found
[2017-11-14 11:13:42.640] [INFO] chatbot_express_server - data found
[2017-11-14 11:13:46.148] [INFO] chatbot_express_server - data found
[2017-11-14 11:13:49.572] [INFO] chatbot_express_server - data found
[2017-11-14 11:13:54.334] [INFO] chatbot_express_server - data found
[2017-11-14 11:13:58.916] [INFO] chatbot_express_server - data found
[2017-11-14 11:14:02.880] [INFO] chatbot_express_server - data found
[2017-11-14 11:14:07.417] [INFO] chatbot_express_server - data found
[2017-11-14 11:39:18.260] [INFO] chatbot_express_server - You are already registered user.
[2017-11-14 11:40:07.652] [INFO] chatbot_express_server - Mail sent to set password
[2017-11-14 11:40:31.969] [INFO] chatbot_express_server - Successfully Verified in /warning_page route
[2017-11-14 11:40:47.830] [INFO] chatbot_express_server - Password successfully updated.
[2017-11-14 11:40:56.822] [INFO] chatbot_express_server - Successfull Login
[2017-11-14 11:44:25.296] [INFO] chatbot_express_server - Successfull Login
[2017-11-14 14:21:20.207] [INFO] chatbot_express_server - data found
[2017-11-14 14:50:14.156] [INFO] chatbot_express_server - data found
[2017-11-14 14:50:14.990] [INFO] chatbot_express_server - On what Policy do you want that?
[2017-11-14 14:50:26.994] [INFO] chatbot_express_server - data found
[2017-11-14 14:50:28.694] [INFO] chatbot_express_server - Sorry i am not able to understand 
[2017-11-14 14:51:02.620] [INFO] chatbot_express_server - data found
[2017-11-14 14:51:04.318] [INFO] chatbot_express_server - On what Policy do you want that?
[2017-11-14 14:51:34.268] [INFO] chatbot_express_server - data found
[2017-11-14 14:54:22.499] [INFO] chatbot_express_server - data found
[2017-11-14 14:54:23.476] [INFO] chatbot_express_server - Sorry i am not able to understand 
[2017-11-14 14:54:36.971] [INFO] chatbot_express_server - data found
[2017-11-14 14:54:38.026] [INFO] chatbot_express_server - Data found in unanswerques's adminques
[2017-11-14 14:54:47.352] [INFO] chatbot_express_server - Error in answerbot's getdata
[2017-11-14 14:54:49.368] [INFO] chatbot_express_server - Error in answerbot's getdata
[2017-11-14 14:54:49.983] [INFO] chatbot_express_server - Error in answerbot's getdata
[2017-11-14 14:54:50.529] [INFO] chatbot_express_server - Error in answerbot's getdata
[2017-11-14 14:54:50.727] [INFO] chatbot_express_server - Error in answerbot's getdata
[2017-11-14 14:54:50.884] [INFO] chatbot_express_server - Error in answerbot's getdata
[2017-11-14 14:54:57.433] [INFO] chatbot_express_server - Error in answerbot's getdata
[2017-11-14 14:54:57.941] [INFO] chatbot_express_server - Error in answerbot's getdata
[2017-11-14 14:54:58.125] [INFO] chatbot_express_server - Error in answerbot's getdata
[2017-11-14 14:54:58.313] [INFO] chatbot_express_server - Error in answerbot's getdata
[2017-11-14 14:54:58.483] [INFO] chatbot_express_server - Error in answerbot's getdata
[2017-11-14 14:54:59.797] [INFO] chatbot_express_server - Error in answerbot's getdata
[2017-11-14 14:54:59.996] [INFO] chatbot_express_server - Error in answerbot's getdata
[2017-11-14 14:55:00.201] [INFO] chatbot_express_server - Error in answerbot's getdata
[2017-11-14 14:55:00.385] [INFO] chatbot_express_server - Error in answerbot's getdata
[2017-11-14 14:55:00.546] [INFO] chatbot_express_server - Error in answerbot's getdata
[2017-11-14 14:55:00.719] [INFO] chatbot_express_server - Error in answerbot's getdata
[2017-11-14 14:55:00.902] [INFO] chatbot_express_server - Error in answerbot's getdata
[2017-11-14 14:55:01.415] [INFO] chatbot_express_server - Error in answerbot's getdata
[2017-11-14 14:55:01.610] [INFO] chatbot_express_server - Error in answerbot's getdata
[2017-11-14 14:55:01.826] [INFO] chatbot_express_server - Error in answerbot's getdata
[2017-11-14 14:55:22.917] [INFO] chatbot_express_server - Successfull Login
[2017-11-14 14:55:25.838] [INFO] chatbot_express_server - Success
[2017-11-14 14:55:25.851] [INFO] chatbot_express_server - Success
[2017-11-14 14:55:25.875] [INFO] chatbot_express_server - Successfully context fetched in trainIntent's getIntent
[2017-11-14 14:55:25.881] [INFO] chatbot_express_server - Successfully context fetched in trainIntent's getContext
[2017-11-14 14:55:25.913] [INFO] chatbot_express_server - Successfully context fetched in trainIntent's getIntent
[2017-11-14 14:55:25.916] [INFO] chatbot_express_server - Successfully context fetched in trainIntent's getContext
[2017-11-14 14:55:25.942] [INFO] chatbot_express_server - Successfully context fetched in trainIntent's getContext
[2017-11-14 14:57:01.728] [INFO] chatbot_express_server - Successfull Login
[2017-11-14 14:59:11.372] [INFO] chatbot_express_server - Success
[2017-11-14 14:59:11.391] [INFO] chatbot_express_server - Success
[2017-11-14 14:59:11.393] [INFO] chatbot_express_server - Successfully context fetched in trainIntent's getIntent
[2017-11-14 14:59:11.401] [INFO] chatbot_express_server - Successfully context fetched in trainIntent's getContext
[2017-11-14 14:59:11.428] [INFO] chatbot_express_server - Successfully context fetched in trainIntent's getIntent
[2017-11-14 14:59:11.438] [INFO] chatbot_express_server - Successfully context fetched in trainIntent's getContext
[2017-11-14 14:59:11.459] [INFO] chatbot_express_server - Successfully context fetched in trainIntent's getContext
[2017-11-14 15:00:35.814] [INFO] chatbot_express_server - Successfully context fetched in trainIntent's getContext
[2017-11-14 15:00:46.490] [INFO] chatbot_express_server - Successfully context fetched in trainIntent's getContext
[2017-11-14 15:02:33.303] [INFO] chatbot_express_server - Successfully context fetched in trainIntent's getIntent
[2017-11-14 15:02:33.306] [INFO] chatbot_express_server - Success
[2017-11-14 15:02:33.316] [INFO] chatbot_express_server - Success
[2017-11-14 15:02:33.319] [INFO] chatbot_express_server - Successfully context fetched in trainIntent's getContext
[2017-11-14 15:02:33.334] [INFO] chatbot_express_server - Successfully context fetched in trainIntent's getIntent
[2017-11-14 15:02:33.348] [INFO] chatbot_express_server - Successfully context fetched in trainIntent's getContext
[2017-11-14 15:02:33.369] [INFO] chatbot_express_server - Successfully context fetched in trainIntent's getContext
[2017-11-14 15:02:39.667] [INFO] chatbot_express_server - Successfully Synonyms fetched in trainIntent's getRelatedEntity
[2017-11-14 15:03:18.039] [INFO] chatbot_express_server - Data found in unanswerques's deletependingques
[2017-11-14 15:06:15.270] [INFO] chatbot_express_server - Success
[2017-11-14 15:06:15.282] [INFO] chatbot_express_server - Success
[2017-11-14 15:06:15.296] [INFO] chatbot_express_server - Successfully context fetched in trainIntent's getIntent
[2017-11-14 15:06:15.302] [INFO] chatbot_express_server - Successfully context fetched in trainIntent's getContext
[2017-11-14 15:06:15.328] [INFO] chatbot_express_server - Successfully context fetched in trainIntent's getIntent
[2017-11-14 15:06:15.333] [INFO] chatbot_express_server - Successfully context fetched in trainIntent's getContext
[2017-11-14 15:06:15.360] [INFO] chatbot_express_server - Successfully context fetched in trainIntent's getContext
[2017-11-14 15:11:06.661] [INFO] chatbot_express_server - Success
[2017-11-14 15:11:06.675] [INFO] chatbot_express_server - Success
[2017-11-14 15:11:06.686] [INFO] chatbot_express_server - Successfully context fetched in trainIntent's getContext
[2017-11-14 15:11:06.687] [INFO] chatbot_express_server - Successfully context fetched in trainIntent's getIntent
[2017-11-14 15:11:06.724] [INFO] chatbot_express_server - Successfully context fetched in trainIntent's getIntent
[2017-11-14 15:11:06.743] [INFO] chatbot_express_server - Successfully context fetched in trainIntent's getContext
[2017-11-14 15:11:06.774] [INFO] chatbot_express_server - Successfully context fetched in trainIntent's getContext
[2017-11-14 15:18:23.856] [INFO] chatbot_express_server - Successfully Synonyms fetched in trainIntent's getRelatedEntity
[2017-11-14 15:18:43.721] [INFO] chatbot_express_server - Successfully Synonyms fetched in trainIntent's getRelatedEntity
[2017-11-14 15:32:13.523] [INFO] chatbot_express_server - data found
[2017-11-14 15:32:14.608] [INFO] chatbot_express_server - On what Policy do you want that?
[2017-11-14 15:33:28.737] [INFO] chatbot_express_server - LOGGER WORKING SUCCESSFULLY
[2017-11-14 15:33:45.402] [INFO] chatbot_express_server - data found
[2017-11-14 15:33:47.136] [INFO] chatbot_express_server - On what Policy do you want that?
[2017-11-14 15:34:39.017] [INFO] chatbot_express_server - LOGGER WORKING SUCCESSFULLY
[2017-11-14 15:34:49.692] [INFO] chatbot_express_server - data found
[2017-11-14 15:34:51.412] [INFO] chatbot_express_server - On what Policy do you want that?
[2017-11-14 15:36:46.939] [INFO] chatbot_express_server - data found
[2017-11-14 15:36:47.941] [INFO] chatbot_express_server - On what Policy do you want that?
[2017-11-14 15:37:27.846] [INFO] chatbot_express_server - data found
[2017-11-14 15:40:29.404] [INFO] chatbot_express_server - data found
[2017-11-14 15:40:30.305] [INFO] chatbot_express_server - On what Policy do you want that?
[2017-11-14 15:40:43.039] [INFO] chatbot_express_server - LOGGER WORKING SUCCESSFULLY
[2017-11-14 15:40:53.398] [INFO] chatbot_express_server - data found
[2017-11-14 15:40:55.240] [INFO] chatbot_express_server - On what Policy do you want that?
[2017-11-14 15:41:03.383] [INFO] chatbot_express_server - data found
[2017-11-14 15:41:04.260] [INFO] chatbot_express_server - How can I help you with 
[2017-11-14 15:41:29.215] [INFO] chatbot_express_server - data found
[2017-11-14 15:41:35.257] [INFO] chatbot_express_server - Sorry i am not able to understand 
[2017-11-14 15:41:54.516] [INFO] chatbot_express_server - data found
[2017-11-14 15:45:16.417] [INFO] chatbot_express_server - data found
[2017-11-14 15:45:17.531] [INFO] chatbot_express_server - On what Policy do you want that?
[2017-11-14 15:45:23.965] [INFO] chatbot_express_server - LOGGER WORKING SUCCESSFULLY
[2017-11-14 15:47:12.323] [INFO] chatbot_express_server - data found
[2017-11-14 15:47:14.217] [INFO] chatbot_express_server - On what Policy do you want that?
[2017-11-14 15:48:50.265] [INFO] chatbot_express_server - LOGGER WORKING SUCCESSFULLY
[2017-11-14 15:48:59.798] [INFO] chatbot_express_server - data found
[2017-11-14 15:49:01.543] [INFO] chatbot_express_server - Sorry I am Facing trouble understanding that. My senior will get back to you on this.
[2017-11-14 15:49:52.808] [INFO] chatbot_express_server - LOGGER WORKING SUCCESSFULLY
[2017-11-14 15:50:03.978] [INFO] chatbot_express_server - data found
[2017-11-14 15:50:05.750] [INFO] chatbot_express_server - How can I help you with 
[2017-11-14 15:50:25.836] [INFO] chatbot_express_server - data found
[2017-11-14 15:50:27.215] [INFO] chatbot_express_server - Data found in unanswerques's adminques
[2017-11-14 15:50:33.878] [INFO] chatbot_express_server - data found
[2017-11-14 15:50:34.706] [INFO] chatbot_express_server - Sorry i am not able to understand 
[2017-11-14 15:51:52.194] [INFO] chatbot_express_server - data found
[2017-11-14 15:51:53.293] [INFO] chatbot_express_server - Sorry I am Facing trouble understanding that. My senior will get back to you on this.
[2017-11-14 15:52:08.007] [INFO] chatbot_express_server - data found
[2017-11-14 15:52:08.885] [INFO] chatbot_express_server - Sorry i am not able to understand 
[2017-11-14 15:52:13.422] [INFO] chatbot_express_server - data found
[2017-11-14 15:52:16.379] [INFO] chatbot_express_server - Sorry i am not able to understand 
[2017-11-14 15:52:26.897] [INFO] chatbot_express_server - data found
[2017-11-14 15:52:29.376] [INFO] chatbot_express_server - Sorry I am Facing trouble understanding that. My senior will get back to you on this.
[2017-11-14 15:53:03.712] [INFO] chatbot_express_server - data found
[2017-11-14 15:53:36.870] [INFO] chatbot_express_server - data found
[2017-11-14 15:55:22.167] [INFO] chatbot_express_server - data found
[2017-11-14 16:00:57.712] [INFO] chatbot_express_server - LOGGER WORKING SUCCESSFULLY
[2017-11-14 16:01:17.073] [INFO] chatbot_express_server - data found
[2017-11-14 16:05:01.620] [INFO] chatbot_express_server - data found
[2017-11-14 16:05:13.069] [INFO] chatbot_express_server - data found
[2017-11-14 16:05:50.249] [INFO] chatbot_express_server - data found
[2017-11-14 16:05:55.777] [INFO] chatbot_express_server - data found
[2017-11-14 16:07:08.887] [INFO] chatbot_express_server - data found
[2017-11-14 16:07:17.104] [INFO] chatbot_express_server - data found
[2017-11-14 16:09:10.945] [INFO] chatbot_express_server - data found
[2017-11-14 16:09:26.576] [INFO] chatbot_express_server - data found
[2017-11-14 16:09:40.952] [INFO] chatbot_express_server - data found
[2017-11-14 16:13:37.855] [INFO] chatbot_express_server - data found
[2017-11-14 16:13:45.698] [INFO] chatbot_express_server - data found
[2017-11-14 16:19:17.457] [INFO] chatbot_express_server - data found
[2017-11-14 16:19:22.074] [INFO] chatbot_express_server - Error in answerbot's getdata
[2017-11-14 16:28:54.202] [INFO] chatbot_express_server - data found
[2017-11-14 16:29:18.535] [INFO] chatbot_express_server - data found
[2017-11-14 16:30:25.966] [INFO] chatbot_express_server - data found
[2017-11-14 16:30:34.099] [INFO] chatbot_express_server - data found
[2017-11-14 16:31:08.624] [INFO] chatbot_express_server - data found
[2017-11-14 16:41:48.001] [INFO] chatbot_express_server - Success
[2017-11-14 16:41:48.015] [INFO] chatbot_express_server - Success
[2017-11-14 16:41:48.029] [INFO] chatbot_express_server - Successfully context fetched in trainIntent's getIntent
[2017-11-14 16:41:48.041] [INFO] chatbot_express_server - Successfully context fetched in trainIntent's getContext
[2017-11-14 16:41:48.072] [INFO] chatbot_express_server - Successfully context fetched in trainIntent's getIntent
[2017-11-14 16:41:48.084] [INFO] chatbot_express_server - Successfully context fetched in trainIntent's getContext
[2017-11-14 16:41:48.137] [INFO] chatbot_express_server - Successfully context fetched in trainIntent's getContext
[2017-11-14 16:41:51.060] [INFO] chatbot_express_server - Success
[2017-11-14 16:41:51.071] [INFO] chatbot_express_server - Success
[2017-11-14 16:41:51.082] [INFO] chatbot_express_server - Successfully context fetched in trainIntent's getContext
[2017-11-14 16:41:51.084] [INFO] chatbot_express_server - Successfully context fetched in trainIntent's getIntent
[2017-11-14 16:41:51.143] [INFO] chatbot_express_server - Successfully context fetched in trainIntent's getContext
[2017-11-14 16:41:51.183] [INFO] chatbot_express_server - Successfully context fetched in trainIntent's getIntent
[2017-11-14 16:41:51.225] [INFO] chatbot_express_server - Successfully context fetched in trainIntent's getContext
[2017-11-14 16:44:00.454] [INFO] chatbot_express_server - Success
[2017-11-14 16:44:00.463] [INFO] chatbot_express_server - Success
[2017-11-14 16:44:00.474] [INFO] chatbot_express_server - Successfully context fetched in trainIntent's getIntent
[2017-11-14 16:44:00.488] [INFO] chatbot_express_server - Successfully context fetched in trainIntent's getContext
[2017-11-14 16:44:00.560] [INFO] chatbot_express_server - Successfully context fetched in trainIntent's getContext
[2017-11-14 16:44:00.563] [INFO] chatbot_express_server - Successfully context fetched in trainIntent's getIntent
[2017-11-14 16:44:00.608] [INFO] chatbot_express_server - Successfully context fetched in trainIntent's getContext
[2017-11-14 16:44:05.775] [INFO] chatbot_express_server - Success
[2017-11-14 16:44:05.783] [INFO] chatbot_express_server - Success
[2017-11-14 16:44:05.803] [INFO] chatbot_express_server - Successfully context fetched in trainIntent's getContext
[2017-11-14 16:44:05.811] [INFO] chatbot_express_server - Successfully context fetched in trainIntent's getIntent
[2017-11-14 16:44:05.842] [INFO] chatbot_express_server - Successfully context fetched in trainIntent's getIntent
[2017-11-14 16:44:05.858] [INFO] chatbot_express_server - Successfully context fetched in trainIntent's getContext
[2017-11-14 16:44:05.910] [INFO] chatbot_express_server - Successfully context fetched in trainIntent's getContext
[2017-11-14 16:44:18.045] [INFO] chatbot_express_server - data found
[2017-11-14 16:44:25.051] [INFO] chatbot_express_server - data found
[2017-11-14 16:45:22.775] [INFO] chatbot_express_server - data found
[2017-11-14 16:45:33.113] [INFO] chatbot_express_server - data found
[2017-11-14 16:49:39.111] [INFO] chatbot_express_server - data found
[2017-11-14 16:49:44.718] [INFO] chatbot_express_server - data found
[2017-11-14 16:51:12.171] [INFO] chatbot_express_server - data found
[2017-11-14 16:51:17.596] [INFO] chatbot_express_server - data found
[2017-11-14 16:51:31.636] [INFO] chatbot_express_server - data found
[2017-11-14 16:51:32.645] [INFO] chatbot_express_server - Sorry I am Facing trouble understanding that. My senior will get back to you on this.
[2017-11-14 16:51:41.814] [INFO] chatbot_express_server - data found
[2017-11-14 16:51:42.857] [INFO] chatbot_express_server - Sorry I am Facing trouble understanding that. My senior will get back to you on this.
[2017-11-14 16:53:09.309] [INFO] chatbot_express_server - data found
[2017-11-14 16:54:51.034] [INFO] chatbot_express_server - data found
[2017-11-14 16:55:58.277] [INFO] chatbot_express_server - data found
[2017-11-14 16:56:04.207] [INFO] chatbot_express_server - data found
[2017-11-14 16:59:43.637] [INFO] chatbot_express_server - data found
[2017-11-14 16:59:51.682] [INFO] chatbot_express_server - data found
[2017-11-14 17:03:27.407] [INFO] chatbot_express_server - data found
[2017-11-14 17:03:28.375] [INFO] chatbot_express_server - Sorry I am Facing trouble understanding that. My senior will get back to you on this.
